2024-02-25 01:18:23.579 INFO  <Thread-19> [/home/zharsuke/Documents/college-stuff/Semester_4/bussindes-intelligence/meet-2/js1.ktr]  Dispatching started for transformation [js1]
2024-02-25 01:18:23.616 INFO  <js1 - Input Data CSV> [/home/zharsuke/Documents/college-stuff/Semester_4/bussindes-intelligence/meet-2/js1.ktr]  Header row skipped in file '/home/zharsuke/Documents/college-stuff/Semester_4/bussindes-intelligence/meet-2/CarDistributionSales.csv'
2024-02-25 01:18:23.618 INFO  <js1 - Input Data CSV> [/home/zharsuke/Documents/college-stuff/Semester_4/bussindes-intelligence/meet-2/js1.ktr]  Finished processing (I=20, O=0, R=0, W=19, U=0, E=0)
2024-02-25 01:18:43.176 INFO  <Thread-24> [/home/zharsuke/Documents/college-stuff/Semester_4/bussindes-intelligence/meet-2/js1.ktr]  Dispatching started for transformation [js1]
2024-02-25 01:18:43.178 INFO  <js1 - Input Data CSV> [/home/zharsuke/Documents/college-stuff/Semester_4/bussindes-intelligence/meet-2/js1.ktr]  Header row skipped in file '/home/zharsuke/Documents/college-stuff/Semester_4/bussindes-intelligence/meet-2/CarDistributionSales.csv'
2024-02-25 01:18:43.180 INFO  <js1 - Input Data CSV> [/home/zharsuke/Documents/college-stuff/Semester_4/bussindes-intelligence/meet-2/js1.ktr]  Finished processing (I=20, O=0, R=0, W=19, U=0, E=0)
2024-02-25 01:19:55.839 INFO  <Thread-30> [/home/zharsuke/Documents/college-stuff/Semester_4/bussindes-intelligence/meet-2/js1.ktr]  Dispatching started for transformation [js1]
2024-02-25 01:19:55.842 INFO  <js1 - Input Data CSV> [/home/zharsuke/Documents/college-stuff/Semester_4/bussindes-intelligence/meet-2/js1.ktr]  Header row skipped in file '/home/zharsuke/Documents/college-stuff/Semester_4/bussindes-intelligence/meet-2/CarDistributionSales.csv'
2024-02-25 01:19:55.843 INFO  <js1 - Input Data CSV> [/home/zharsuke/Documents/college-stuff/Semester_4/bussindes-intelligence/meet-2/js1.ktr]  Finished processing (I=20, O=0, R=0, W=19, U=0, E=0)
2024-02-25 01:21:19.546 INFO  <Thread-19> [/home/zharsuke/Documents/college-stuff/Semester_4/bussindes-intelligence/meet-2/js1.ktr]  Dispatching started for transformation [js1]
2024-02-25 01:21:19.578 INFO  <js1 - Input Data CSV> [/home/zharsuke/Documents/college-stuff/Semester_4/bussindes-intelligence/meet-2/js1.ktr]  Header row skipped in file '/home/zharsuke/Documents/college-stuff/Semester_4/bussindes-intelligence/meet-2/CarDistributionSales.csv'
2024-02-25 01:21:19.580 INFO  <js1 - Input Data CSV> [/home/zharsuke/Documents/college-stuff/Semester_4/bussindes-intelligence/meet-2/js1.ktr]  Finished processing (I=20, O=0, R=0, W=19, U=0, E=0)
2024-02-25 20:29:21.557 INFO  <ModalContext> [/home/zharsuke/Documents/college-stuff/Semester_4/bussindes-intelligence/meet-2/js1.ktr : js1.ktr]  Dispatching started for transformation [/home/zharsuke/Documents/college-stuff/Semester_4/bussindes-intelligence/meet-2/js1.ktr : js1]
2024-02-25 20:29:21.586 INFO  </home/zharsuke/Documents/college-stuff/Semester_4/bussindes-intelligence/meet-2/js1.ktr : js1 - Input Data CSV> [/home/zharsuke/Documents/college-stuff/Semester_4/bussindes-intelligence/meet-2/js1.ktr : js1.ktr]  Header row skipped in file '/home/zharsuke/Documents/college-stuff/Semester_4/bussindes-intelligence/meet-2/CarDistributionSales.csv'
2024-02-25 20:29:21.588 INFO  </home/zharsuke/Documents/college-stuff/Semester_4/bussindes-intelligence/meet-2/js1.ktr : js1 - Input Data CSV> [/home/zharsuke/Documents/college-stuff/Semester_4/bussindes-intelligence/meet-2/js1.ktr : js1.ktr]  Finished processing (I=20, O=0, R=0, W=19, U=0, E=0)
2024-02-25 20:29:21.590 INFO  </home/zharsuke/Documents/college-stuff/Semester_4/bussindes-intelligence/meet-2/js1.ktr : js1 - dummy> [/home/zharsuke/Documents/college-stuff/Semester_4/bussindes-intelligence/meet-2/js1.ktr : js1.ktr]  Finished processing (I=0, O=0, R=19, W=19, U=0, E=0)
2024-02-25 20:30:06.262 INFO  <Thread-25> [/home/zharsuke/Documents/college-stuff/Semester_4/bussindes-intelligence/meet-2/js1.ktr]  Dispatching started for transformation [js1]
2024-02-25 20:30:06.270 INFO  <js1 - Input Data CSV> [/home/zharsuke/Documents/college-stuff/Semester_4/bussindes-intelligence/meet-2/js1.ktr]  Header row skipped in file '/home/zharsuke/Documents/college-stuff/Semester_4/bussindes-intelligence/meet-2/CarDistributionSales.csv'
2024-02-25 20:30:06.271 INFO  <js1 - Input Data CSV> [/home/zharsuke/Documents/college-stuff/Semester_4/bussindes-intelligence/meet-2/js1.ktr]  Finished processing (I=20, O=0, R=0, W=19, U=0, E=0)
2024-02-25 21:57:34.124 INFO  <Thread-52> [/home/zharsuke/Documents/college-stuff/Semester_4/bussindes-intelligence/meet-2/js1.ktr]  Dispatching started for transformation [js1]
2024-02-25 21:57:34.168 INFO  <js1 - Input Data CSV> [/home/zharsuke/Documents/college-stuff/Semester_4/bussindes-intelligence/meet-2/js1.ktr]  Header row skipped in file '/home/zharsuke/Documents/college-stuff/Semester_4/bussindes-intelligence/meet-2/CarDistributionSales.csv'
2024-02-25 21:57:34.169 INFO  <js1 - Input Data CSV> [/home/zharsuke/Documents/college-stuff/Semester_4/bussindes-intelligence/meet-2/js1.ktr]  Finished processing (I=20, O=0, R=0, W=19, U=0, E=0)
2024-02-25 21:57:34.172 INFO  <js1 - Filter rows> [/home/zharsuke/Documents/college-stuff/Semester_4/bussindes-intelligence/meet-2/js1.ktr]  Finished processing (I=0, O=0, R=19, W=19, U=0, E=0)
2024-02-25 21:57:34.255 INFO  <js1 - Microsoft Excel output> [/home/zharsuke/Documents/college-stuff/Semester_4/bussindes-intelligence/meet-2/js1.ktr]  Finished processing (I=0, O=19, R=19, W=19, U=0, E=0)
2024-02-25 22:03:20.170 INFO  <Thread-64> [/home/zharsuke/Documents/college-stuff/Semester_4/bussindes-intelligence/meet-2/js1.ktr]  Dispatching started for transformation [js1]
2024-02-25 22:03:20.178 INFO  <js1 - Input Data CSV> [/home/zharsuke/Documents/college-stuff/Semester_4/bussindes-intelligence/meet-2/js1.ktr]  Header row skipped in file '/home/zharsuke/Documents/college-stuff/Semester_4/bussindes-intelligence/meet-2/CarDistributionSales.csv'
2024-02-25 22:03:20.179 INFO  <js1 - Input Data CSV> [/home/zharsuke/Documents/college-stuff/Semester_4/bussindes-intelligence/meet-2/js1.ktr]  Finished processing (I=20, O=0, R=0, W=19, U=0, E=0)
2024-02-25 22:03:20.182 INFO  <js1 - Filter rows> [/home/zharsuke/Documents/college-stuff/Semester_4/bussindes-intelligence/meet-2/js1.ktr]  Finished processing (I=0, O=0, R=19, W=19, U=0, E=0)
2024-02-25 22:03:20.235 INFO  <js1 - Microsoft Excel output> [/home/zharsuke/Documents/college-stuff/Semester_4/bussindes-intelligence/meet-2/js1.ktr]  Finished processing (I=0, O=19, R=19, W=19, U=0, E=0)
2024-02-25 22:05:07.864 INFO  <Thread-76> [/home/zharsuke/Documents/college-stuff/Semester_4/bussindes-intelligence/meet-2/js1.ktr]  Dispatching started for transformation [js1]
2024-02-25 22:05:07.868 INFO  <js1 - Input Data CSV> [/home/zharsuke/Documents/college-stuff/Semester_4/bussindes-intelligence/meet-2/js1.ktr]  Header row skipped in file '/home/zharsuke/Documents/college-stuff/Semester_4/bussindes-intelligence/meet-2/CarDistributionSales.csv'
2024-02-25 22:05:07.869 INFO  <js1 - Input Data CSV> [/home/zharsuke/Documents/college-stuff/Semester_4/bussindes-intelligence/meet-2/js1.ktr]  Finished processing (I=20, O=0, R=0, W=19, U=0, E=0)
2024-02-25 22:05:07.872 INFO  <js1 - Filter rows> [/home/zharsuke/Documents/college-stuff/Semester_4/bussindes-intelligence/meet-2/js1.ktr]  Finished processing (I=0, O=0, R=19, W=19, U=0, E=0)
2024-02-25 22:05:07.921 INFO  <js1 - Microsoft Excel output> [/home/zharsuke/Documents/college-stuff/Semester_4/bussindes-intelligence/meet-2/js1.ktr]  Finished processing (I=0, O=19, R=19, W=19, U=0, E=0)
2024-02-25 23:37:55.852 INFO  <Thread-91> [/home/zharsuke/Documents/college-stuff/Semester_4/bussindes-intelligence/meet-2/js1.ktr]  Dispatching started for transformation [js1]
2024-02-25 23:37:55.859 INFO  <js1 - Input Data CSV> [/home/zharsuke/Documents/college-stuff/Semester_4/bussindes-intelligence/meet-2/js1.ktr]  Header row skipped in file '/home/zharsuke/Documents/college-stuff/Semester_4/bussindes-intelligence/meet-2/CarDistributionSales.csv'
2024-02-25 23:37:55.861 INFO  <js1 - Input Data CSV> [/home/zharsuke/Documents/college-stuff/Semester_4/bussindes-intelligence/meet-2/js1.ktr]  Finished processing (I=20, O=0, R=0, W=19, U=0, E=0)
2024-02-25 23:37:55.864 INFO  <js1 - Filter row> [/home/zharsuke/Documents/college-stuff/Semester_4/bussindes-intelligence/meet-2/js1.ktr]  Finished processing (I=0, O=0, R=19, W=19, U=0, E=0)
2024-02-25 23:37:55.915 INFO  <js1 - Microsoft Excel output> [/home/zharsuke/Documents/college-stuff/Semester_4/bussindes-intelligence/meet-2/js1.ktr]  Finished processing (I=0, O=17, R=17, W=17, U=0, E=0)
2024-02-25 23:37:55.917 INFO  <js1 - Text file output> [/home/zharsuke/Documents/college-stuff/Semester_4/bussindes-intelligence/meet-2/js1.ktr]  Finished processing (I=0, O=3, R=2, W=2, U=0, E=0)
2024-02-25 23:45:51.366 INFO  <Thread-108> [/home/zharsuke/Documents/college-stuff/Semester_4/bussindes-intelligence/meet-2/js1.ktr]  Dispatching started for transformation [js1]
2024-02-25 23:45:51.371 INFO  <js1 - Input Data CSV> [/home/zharsuke/Documents/college-stuff/Semester_4/bussindes-intelligence/meet-2/js1.ktr]  Header row skipped in file '/home/zharsuke/Documents/college-stuff/Semester_4/bussindes-intelligence/meet-2/CarDistributionSales.csv'
2024-02-25 23:45:51.372 INFO  <js1 - Input Data CSV> [/home/zharsuke/Documents/college-stuff/Semester_4/bussindes-intelligence/meet-2/js1.ktr]  Finished processing (I=20, O=0, R=0, W=19, U=0, E=0)
2024-02-25 23:45:51.374 INFO  <js1 - Filter row> [/home/zharsuke/Documents/college-stuff/Semester_4/bussindes-intelligence/meet-2/js1.ktr]  Finished processing (I=0, O=0, R=19, W=19, U=0, E=0)
2024-02-25 23:45:51.376 INFO  <js1 - Text file output> [/home/zharsuke/Documents/college-stuff/Semester_4/bussindes-intelligence/meet-2/js1.ktr]  Finished processing (I=0, O=3, R=2, W=2, U=0, E=0)
2024-02-25 23:45:51.430 INFO  <js1 - Microsoft Excel output> [/home/zharsuke/Documents/college-stuff/Semester_4/bussindes-intelligence/meet-2/js1.ktr]  Finished processing (I=0, O=17, R=17, W=17, U=0, E=0)
2024-02-25 23:50:58.060 INFO  <Thread-122> [/home/zharsuke/Documents/college-stuff/Semester_4/bussindes-intelligence/meet-2/js1.ktr]  Dispatching started for transformation [js1]
2024-02-25 23:50:58.065 INFO  <js1 - Input Data CSV> [/home/zharsuke/Documents/college-stuff/Semester_4/bussindes-intelligence/meet-2/js1.ktr]  Header row skipped in file '/home/zharsuke/Documents/college-stuff/Semester_4/bussindes-intelligence/meet-2/CarDistributionSales.csv'
2024-02-25 23:50:58.066 INFO  <js1 - Input Data CSV> [/home/zharsuke/Documents/college-stuff/Semester_4/bussindes-intelligence/meet-2/js1.ktr]  Finished processing (I=20, O=0, R=0, W=19, U=0, E=0)
2024-02-25 23:50:58.068 INFO  <js1 - Filter row> [/home/zharsuke/Documents/college-stuff/Semester_4/bussindes-intelligence/meet-2/js1.ktr]  Finished processing (I=0, O=0, R=19, W=19, U=0, E=0)
2024-02-25 23:50:58.070 INFO  <js1 - Text file output> [/home/zharsuke/Documents/college-stuff/Semester_4/bussindes-intelligence/meet-2/js1.ktr]  Finished processing (I=0, O=15, R=14, W=14, U=0, E=0)
2024-02-25 23:50:58.108 INFO  <js1 - Microsoft Excel output> [/home/zharsuke/Documents/college-stuff/Semester_4/bussindes-intelligence/meet-2/js1.ktr]  Finished processing (I=0, O=5, R=5, W=5, U=0, E=0)
