2024-02-26 00:43:41.508 INFO  <Thread-20> [/home/zharsuke/Documents/college-stuff/Semester_4/bussindes-intelligence/meet-2/js1-studycase.ktr]  Dispatching started for transformation [js1-studycase]
2024-02-26 00:43:41.535 INFO  <js1-studycase - CSV file input> [/home/zharsuke/Documents/college-stuff/Semester_4/bussindes-intelligence/meet-2/js1-studycase.ktr]  Header row skipped in file 'file:///home/zharsuke/Documents/college-stuff/Semester_4/bussindes-intelligence/meet-2/dataDummyKependudukan.csv'
2024-02-26 00:43:41.538 INFO  <js1-studycase - CSV file input> [/home/zharsuke/Documents/college-stuff/Semester_4/bussindes-intelligence/meet-2/js1-studycase.ktr]  Finished processing (I=21, O=0, R=0, W=20, U=0, E=0)
2024-02-26 00:52:52.635 INFO  <Thread-52> [/home/zharsuke/Documents/college-stuff/Semester_4/bussindes-intelligence/meet-2/js1-studycase.ktr]  Dispatching started for transformation [js1-studycase]
2024-02-26 00:52:52.676 INFO  <js1-studycase - CSV file input> [/home/zharsuke/Documents/college-stuff/Semester_4/bussindes-intelligence/meet-2/js1-studycase.ktr]  Header row skipped in file 'file:///home/zharsuke/Documents/college-stuff/Semester_4/bussindes-intelligence/meet-2/dataDummyKependudukan.csv'
2024-02-26 00:52:52.678 INFO  <js1-studycase - CSV file input> [/home/zharsuke/Documents/college-stuff/Semester_4/bussindes-intelligence/meet-2/js1-studycase.ktr]  Finished processing (I=21, O=0, R=0, W=20, U=0, E=0)
2024-02-26 00:52:52.681 INFO  <js1-studycase - Filter rows student> [/home/zharsuke/Documents/college-stuff/Semester_4/bussindes-intelligence/meet-2/js1-studycase.ktr]  Finished processing (I=0, O=0, R=20, W=3, U=0, E=0)
2024-02-26 00:52:52.685 INFO  <js1-studycase - student> [/home/zharsuke/Documents/college-stuff/Semester_4/bussindes-intelligence/meet-2/js1-studycase.ktr]  Finished processing (I=0, O=4, R=3, W=3, U=0, E=0)
2024-02-26 00:58:09.141 INFO  <Thread-74> [/home/zharsuke/Documents/college-stuff/Semester_4/bussindes-intelligence/meet-2/js1-studycase.ktr]  Dispatching started for transformation [js1-studycase]
2024-02-26 00:58:09.156 INFO  <js1-studycase - CSV file input> [/home/zharsuke/Documents/college-stuff/Semester_4/bussindes-intelligence/meet-2/js1-studycase.ktr]  Header row skipped in file 'file:///home/zharsuke/Documents/college-stuff/Semester_4/bussindes-intelligence/meet-2/dataDummyKependudukan.csv'
2024-02-26 00:58:09.157 ERROR <js1-studycase - Filter rows doctor> [/home/zharsuke/Documents/college-stuff/Semester_4/bussindes-intelligence/meet-2/js1-studycase.ktr]  Unexpected error
2024-02-26 00:58:09.158 ERROR <js1-studycase - Filter rows doctor> [/home/zharsuke/Documents/college-stuff/Semester_4/bussindes-intelligence/meet-2/js1-studycase.ktr]  org.pentaho.di.core.exception.KettleException: 
Step [student] is invalid as target.

	at org.pentaho.di.trans.steps.filterrows.FilterRows.processRow(FilterRows.java:100)
	at org.pentaho.di.trans.step.RunThread.run(RunThread.java:62)
	at java.base/java.lang.Thread.run(Thread.java:1583)

2024-02-26 00:58:09.159 INFO  <js1-studycase - CSV file input> [/home/zharsuke/Documents/college-stuff/Semester_4/bussindes-intelligence/meet-2/js1-studycase.ktr]  Finished processing (I=21, O=0, R=0, W=80, U=0, E=0)
2024-02-26 00:58:09.159 INFO  <js1-studycase - Filter rows doctor> [/home/zharsuke/Documents/college-stuff/Semester_4/bussindes-intelligence/meet-2/js1-studycase.ktr]  Finished processing (I=0, O=0, R=1, W=0, U=0, E=1)
2024-02-26 00:58:09.159 WARN  <js1-studycase - Filter rows doctor> [/home/zharsuke/Documents/college-stuff/Semester_4/bussindes-intelligence/meet-2/js1-studycase.ktr]  Transformation detected one or more steps with errors.
2024-02-26 00:58:09.160 ERROR <js1-studycase - Filter rows other> [/home/zharsuke/Documents/college-stuff/Semester_4/bussindes-intelligence/meet-2/js1-studycase.ktr]  Unexpected error
2024-02-26 00:58:09.160 INFO  <js1-studycase - student> [/home/zharsuke/Documents/college-stuff/Semester_4/bussindes-intelligence/meet-2/js1-studycase.ktr]  Finished processing (I=0, O=2, R=1, W=0, U=0, E=0)
2024-02-26 00:58:09.160 ERROR <js1-studycase - Filter rows civil servant> [/home/zharsuke/Documents/college-stuff/Semester_4/bussindes-intelligence/meet-2/js1-studycase.ktr]  Unexpected error
2024-02-26 00:58:09.160 ERROR <js1-studycase - Filter rows other> [/home/zharsuke/Documents/college-stuff/Semester_4/bussindes-intelligence/meet-2/js1-studycase.ktr]  org.pentaho.di.core.exception.KettleException: 
Step [student] is invalid as target.

	at org.pentaho.di.trans.steps.filterrows.FilterRows.processRow(FilterRows.java:100)
	at org.pentaho.di.trans.step.RunThread.run(RunThread.java:62)
	at java.base/java.lang.Thread.run(Thread.java:1583)

2024-02-26 00:58:09.160 WARN  <js1-studycase - Filter rows doctor> [/home/zharsuke/Documents/college-stuff/Semester_4/bussindes-intelligence/meet-2/js1-studycase.ktr]  Transformation is killing the other steps!
2024-02-26 00:58:09.160 ERROR <js1-studycase - Filter rows civil servant> [/home/zharsuke/Documents/college-stuff/Semester_4/bussindes-intelligence/meet-2/js1-studycase.ktr]  org.pentaho.di.core.exception.KettleException: 
Step [student] is invalid as target.

	at org.pentaho.di.trans.steps.filterrows.FilterRows.processRow(FilterRows.java:100)
	at org.pentaho.di.trans.step.RunThread.run(RunThread.java:62)
	at java.base/java.lang.Thread.run(Thread.java:1583)

2024-02-26 00:58:09.161 INFO  <js1-studycase - Filter rows other> [/home/zharsuke/Documents/college-stuff/Semester_4/bussindes-intelligence/meet-2/js1-studycase.ktr]  Finished processing (I=0, O=0, R=1, W=0, U=0, E=1)
2024-02-26 00:58:09.161 INFO  <js1-studycase - Filter rows student> [/home/zharsuke/Documents/college-stuff/Semester_4/bussindes-intelligence/meet-2/js1-studycase.ktr]  Finished processing (I=0, O=0, R=2, W=1, U=0, E=0)
2024-02-26 00:58:09.161 INFO  <js1-studycase - Filter rows civil servant> [/home/zharsuke/Documents/college-stuff/Semester_4/bussindes-intelligence/meet-2/js1-studycase.ktr]  Finished processing (I=0, O=0, R=1, W=0, U=0, E=1)
2024-02-26 00:58:09.343 WARN  <js1-studycase - Filter rows civil servant> [/home/zharsuke/Documents/college-stuff/Semester_4/bussindes-intelligence/meet-2/js1-studycase.ktr]  Transformation detected one or more steps with errors.
2024-02-26 00:58:09.344 WARN  <js1-studycase - Filter rows civil servant> [/home/zharsuke/Documents/college-stuff/Semester_4/bussindes-intelligence/meet-2/js1-studycase.ktr]  Transformation is killing the other steps!
2024-02-26 00:58:09.526 WARN  <js1-studycase - Filter rows other> [/home/zharsuke/Documents/college-stuff/Semester_4/bussindes-intelligence/meet-2/js1-studycase.ktr]  Transformation detected one or more steps with errors.
2024-02-26 00:58:09.527 WARN  <js1-studycase - Filter rows other> [/home/zharsuke/Documents/college-stuff/Semester_4/bussindes-intelligence/meet-2/js1-studycase.ktr]  Transformation is killing the other steps!
2024-02-26 00:58:09.710 ERROR <js1-studycase - other> [/home/zharsuke/Documents/college-stuff/Semester_4/bussindes-intelligence/meet-2/js1-studycase.ktr]  Errors detected!
2024-02-26 00:58:09.711 ERROR <js1-studycase - other> [/home/zharsuke/Documents/college-stuff/Semester_4/bussindes-intelligence/meet-2/js1-studycase.ktr]  Errors detected!
2024-02-26 00:58:09.713 ERROR <js1-studycase - other> [/home/zharsuke/Documents/college-stuff/Semester_4/bussindes-intelligence/meet-2/js1-studycase.ktr]  Errors detected!
2024-02-26 00:58:44.277 INFO  <Thread-95> [/home/zharsuke/Documents/college-stuff/Semester_4/bussindes-intelligence/meet-2/js1-studycase.ktr]  Dispatching started for transformation [js1-studycase]
2024-02-26 00:58:44.286 INFO  <js1-studycase - CSV file input> [/home/zharsuke/Documents/college-stuff/Semester_4/bussindes-intelligence/meet-2/js1-studycase.ktr]  Header row skipped in file 'file:///home/zharsuke/Documents/college-stuff/Semester_4/bussindes-intelligence/meet-2/dataDummyKependudukan.csv'
2024-02-26 00:58:44.288 ERROR <js1-studycase - Filter rows civil servant> [/home/zharsuke/Documents/college-stuff/Semester_4/bussindes-intelligence/meet-2/js1-studycase.ktr]  Unexpected error
2024-02-26 00:58:44.288 ERROR <js1-studycase - Filter rows civil servant> [/home/zharsuke/Documents/college-stuff/Semester_4/bussindes-intelligence/meet-2/js1-studycase.ktr]  org.pentaho.di.core.exception.KettleException: 
Step [student] is invalid as target.

	at org.pentaho.di.trans.steps.filterrows.FilterRows.processRow(FilterRows.java:100)
	at org.pentaho.di.trans.step.RunThread.run(RunThread.java:62)
	at java.base/java.lang.Thread.run(Thread.java:1583)

2024-02-26 00:58:44.288 ERROR <js1-studycase - Filter rows doctor> [/home/zharsuke/Documents/college-stuff/Semester_4/bussindes-intelligence/meet-2/js1-studycase.ktr]  Unexpected error
2024-02-26 00:58:44.289 INFO  <js1-studycase - CSV file input> [/home/zharsuke/Documents/college-stuff/Semester_4/bussindes-intelligence/meet-2/js1-studycase.ktr]  Finished processing (I=19, O=0, R=0, W=72, U=0, E=0)
2024-02-26 00:58:44.289 ERROR <js1-studycase - Filter rows other> [/home/zharsuke/Documents/college-stuff/Semester_4/bussindes-intelligence/meet-2/js1-studycase.ktr]  Unexpected error
2024-02-26 00:58:44.289 ERROR <js1-studycase - Filter rows doctor> [/home/zharsuke/Documents/college-stuff/Semester_4/bussindes-intelligence/meet-2/js1-studycase.ktr]  org.pentaho.di.core.exception.KettleException: 
Step [student] is invalid as target.

	at org.pentaho.di.trans.steps.filterrows.FilterRows.processRow(FilterRows.java:100)
	at org.pentaho.di.trans.step.RunThread.run(RunThread.java:62)
	at java.base/java.lang.Thread.run(Thread.java:1583)

2024-02-26 00:58:44.289 INFO  <js1-studycase - Filter rows doctor> [/home/zharsuke/Documents/college-stuff/Semester_4/bussindes-intelligence/meet-2/js1-studycase.ktr]  Finished processing (I=0, O=0, R=1, W=0, U=0, E=1)
2024-02-26 00:58:44.289 INFO  <js1-studycase - Filter rows civil servant> [/home/zharsuke/Documents/college-stuff/Semester_4/bussindes-intelligence/meet-2/js1-studycase.ktr]  Finished processing (I=0, O=0, R=1, W=0, U=0, E=1)
2024-02-26 00:58:44.289 INFO  <js1-studycase - Filter rows student> [/home/zharsuke/Documents/college-stuff/Semester_4/bussindes-intelligence/meet-2/js1-studycase.ktr]  Finished processing (I=0, O=0, R=7, W=2, U=0, E=0)
2024-02-26 00:58:44.289 ERROR <js1-studycase - Filter rows other> [/home/zharsuke/Documents/college-stuff/Semester_4/bussindes-intelligence/meet-2/js1-studycase.ktr]  org.pentaho.di.core.exception.KettleException: 
Step [student] is invalid as target.

	at org.pentaho.di.trans.steps.filterrows.FilterRows.processRow(FilterRows.java:100)
	at org.pentaho.di.trans.step.RunThread.run(RunThread.java:62)
	at java.base/java.lang.Thread.run(Thread.java:1583)

2024-02-26 00:58:44.289 INFO  <js1-studycase - student> [/home/zharsuke/Documents/college-stuff/Semester_4/bussindes-intelligence/meet-2/js1-studycase.ktr]  Finished processing (I=0, O=2, R=1, W=1, U=0, E=0)
2024-02-26 00:58:44.290 INFO  <js1-studycase - Filter rows other> [/home/zharsuke/Documents/college-stuff/Semester_4/bussindes-intelligence/meet-2/js1-studycase.ktr]  Finished processing (I=0, O=0, R=1, W=0, U=0, E=1)
2024-02-26 00:58:44.290 WARN  <js1-studycase - Filter rows doctor> [/home/zharsuke/Documents/college-stuff/Semester_4/bussindes-intelligence/meet-2/js1-studycase.ktr]  Transformation detected one or more steps with errors.
2024-02-26 00:58:44.290 WARN  <js1-studycase - Filter rows doctor> [/home/zharsuke/Documents/college-stuff/Semester_4/bussindes-intelligence/meet-2/js1-studycase.ktr]  Transformation is killing the other steps!
2024-02-26 00:58:44.472 WARN  <js1-studycase - Filter rows other> [/home/zharsuke/Documents/college-stuff/Semester_4/bussindes-intelligence/meet-2/js1-studycase.ktr]  Transformation detected one or more steps with errors.
2024-02-26 00:58:44.473 WARN  <js1-studycase - Filter rows other> [/home/zharsuke/Documents/college-stuff/Semester_4/bussindes-intelligence/meet-2/js1-studycase.ktr]  Transformation is killing the other steps!
2024-02-26 00:58:44.656 ERROR <js1-studycase - Filter rows civil servant> [/home/zharsuke/Documents/college-stuff/Semester_4/bussindes-intelligence/meet-2/js1-studycase.ktr]  Errors detected!
2024-02-26 00:58:44.657 ERROR <js1-studycase - Filter rows civil servant> [/home/zharsuke/Documents/college-stuff/Semester_4/bussindes-intelligence/meet-2/js1-studycase.ktr]  Errors detected!
2024-02-26 00:58:44.658 ERROR <js1-studycase - Filter rows civil servant> [/home/zharsuke/Documents/college-stuff/Semester_4/bussindes-intelligence/meet-2/js1-studycase.ktr]  Errors detected!
2024-02-26 00:58:44.674 WARN  <js1-studycase - Filter rows civil servant> [/home/zharsuke/Documents/college-stuff/Semester_4/bussindes-intelligence/meet-2/js1-studycase.ktr]  Transformation detected one or more steps with errors.
2024-02-26 00:58:44.675 WARN  <js1-studycase - Filter rows civil servant> [/home/zharsuke/Documents/college-stuff/Semester_4/bussindes-intelligence/meet-2/js1-studycase.ktr]  Transformation is killing the other steps!
2024-02-26 01:00:26.222 INFO  <Thread-122> [/home/zharsuke/Documents/college-stuff/Semester_4/bussindes-intelligence/meet-2/js1-studycase.ktr]  Dispatching started for transformation [js1-studycase]
2024-02-26 01:00:26.268 INFO  <js1-studycase - CSV file input> [/home/zharsuke/Documents/college-stuff/Semester_4/bussindes-intelligence/meet-2/js1-studycase.ktr]  Header row skipped in file 'file:///home/zharsuke/Documents/college-stuff/Semester_4/bussindes-intelligence/meet-2/dataDummyKependudukan.csv'
2024-02-26 01:00:26.271 ERROR <js1-studycase - Filter rows doctor> [/home/zharsuke/Documents/college-stuff/Semester_4/bussindes-intelligence/meet-2/js1-studycase.ktr]  Unexpected error
2024-02-26 01:00:26.271 ERROR <js1-studycase - Filter rows other> [/home/zharsuke/Documents/college-stuff/Semester_4/bussindes-intelligence/meet-2/js1-studycase.ktr]  Unexpected error
2024-02-26 01:00:26.271 ERROR <js1-studycase - Filter rows doctor> [/home/zharsuke/Documents/college-stuff/Semester_4/bussindes-intelligence/meet-2/js1-studycase.ktr]  org.pentaho.di.core.exception.KettleException: 
Step [student] is invalid as target.

	at org.pentaho.di.trans.steps.filterrows.FilterRows.processRow(FilterRows.java:100)
	at org.pentaho.di.trans.step.RunThread.run(RunThread.java:62)
	at java.base/java.lang.Thread.run(Thread.java:1583)

2024-02-26 01:00:26.271 INFO  <js1-studycase - CSV file input> [/home/zharsuke/Documents/college-stuff/Semester_4/bussindes-intelligence/meet-2/js1-studycase.ktr]  Finished processing (I=21, O=0, R=0, W=20, U=0, E=0)
2024-02-26 01:00:26.271 ERROR <js1-studycase - Filter rows civil servant> [/home/zharsuke/Documents/college-stuff/Semester_4/bussindes-intelligence/meet-2/js1-studycase.ktr]  Unexpected error
2024-02-26 01:00:26.272 ERROR <js1-studycase - Filter rows other> [/home/zharsuke/Documents/college-stuff/Semester_4/bussindes-intelligence/meet-2/js1-studycase.ktr]  org.pentaho.di.core.exception.KettleException: 
Step [student] is invalid as target.

	at org.pentaho.di.trans.steps.filterrows.FilterRows.processRow(FilterRows.java:100)
	at org.pentaho.di.trans.step.RunThread.run(RunThread.java:62)
	at java.base/java.lang.Thread.run(Thread.java:1583)

2024-02-26 01:00:26.273 ERROR <js1-studycase - Filter rows civil servant> [/home/zharsuke/Documents/college-stuff/Semester_4/bussindes-intelligence/meet-2/js1-studycase.ktr]  org.pentaho.di.core.exception.KettleException: 
Step [student] is invalid as target.

	at org.pentaho.di.trans.steps.filterrows.FilterRows.processRow(FilterRows.java:100)
	at org.pentaho.di.trans.step.RunThread.run(RunThread.java:62)
	at java.base/java.lang.Thread.run(Thread.java:1583)

2024-02-26 01:00:26.273 INFO  <js1-studycase - Filter rows doctor> [/home/zharsuke/Documents/college-stuff/Semester_4/bussindes-intelligence/meet-2/js1-studycase.ktr]  Finished processing (I=0, O=0, R=1, W=0, U=0, E=1)
2024-02-26 01:00:26.273 INFO  <js1-studycase - Filter rows civil servant> [/home/zharsuke/Documents/college-stuff/Semester_4/bussindes-intelligence/meet-2/js1-studycase.ktr]  Finished processing (I=0, O=0, R=1, W=0, U=0, E=1)
2024-02-26 01:00:26.273 INFO  <js1-studycase - Filter rows other> [/home/zharsuke/Documents/college-stuff/Semester_4/bussindes-intelligence/meet-2/js1-studycase.ktr]  Finished processing (I=0, O=0, R=1, W=0, U=0, E=1)
2024-02-26 01:00:26.273 WARN  <js1-studycase - Filter rows doctor> [/home/zharsuke/Documents/college-stuff/Semester_4/bussindes-intelligence/meet-2/js1-studycase.ktr]  Transformation detected one or more steps with errors.
2024-02-26 01:00:26.273 WARN  <js1-studycase - Filter rows doctor> [/home/zharsuke/Documents/college-stuff/Semester_4/bussindes-intelligence/meet-2/js1-studycase.ktr]  Transformation is killing the other steps!
2024-02-26 01:00:26.274 INFO  <js1-studycase - student> [/home/zharsuke/Documents/college-stuff/Semester_4/bussindes-intelligence/meet-2/js1-studycase.ktr]  Finished processing (I=0, O=2, R=1, W=0, U=0, E=0)
2024-02-26 01:00:26.274 INFO  <js1-studycase - Filter rows student> [/home/zharsuke/Documents/college-stuff/Semester_4/bussindes-intelligence/meet-2/js1-studycase.ktr]  Finished processing (I=0, O=0, R=5, W=1, U=0, E=0)
2024-02-26 01:00:26.455 WARN  <js1-studycase - Filter rows other> [/home/zharsuke/Documents/college-stuff/Semester_4/bussindes-intelligence/meet-2/js1-studycase.ktr]  Transformation detected one or more steps with errors.
2024-02-26 01:00:26.456 WARN  <js1-studycase - Filter rows other> [/home/zharsuke/Documents/college-stuff/Semester_4/bussindes-intelligence/meet-2/js1-studycase.ktr]  Transformation is killing the other steps!
2024-02-26 01:00:26.638 ERROR <js1-studycase - Filter rows civil servant> [/home/zharsuke/Documents/college-stuff/Semester_4/bussindes-intelligence/meet-2/js1-studycase.ktr]  Errors detected!
2024-02-26 01:00:26.638 ERROR <js1-studycase - Filter rows civil servant> [/home/zharsuke/Documents/college-stuff/Semester_4/bussindes-intelligence/meet-2/js1-studycase.ktr]  Errors detected!
2024-02-26 01:00:26.638 ERROR <js1-studycase - Filter rows civil servant> [/home/zharsuke/Documents/college-stuff/Semester_4/bussindes-intelligence/meet-2/js1-studycase.ktr]  Errors detected!
2024-02-26 01:00:26.643 WARN  <js1-studycase - Filter rows civil servant> [/home/zharsuke/Documents/college-stuff/Semester_4/bussindes-intelligence/meet-2/js1-studycase.ktr]  Transformation detected one or more steps with errors.
2024-02-26 01:00:26.643 WARN  <js1-studycase - Filter rows civil servant> [/home/zharsuke/Documents/college-stuff/Semester_4/bussindes-intelligence/meet-2/js1-studycase.ktr]  Transformation is killing the other steps!
2024-02-26 01:01:31.367 INFO  <Thread-148> [/home/zharsuke/Documents/college-stuff/Semester_4/bussindes-intelligence/meet-2/js1-studycase.ktr]  Dispatching started for transformation [js1-studycase]
2024-02-26 01:01:31.376 INFO  <js1-studycase - CSV file input> [/home/zharsuke/Documents/college-stuff/Semester_4/bussindes-intelligence/meet-2/js1-studycase.ktr]  Header row skipped in file 'file:///home/zharsuke/Documents/college-stuff/Semester_4/bussindes-intelligence/meet-2/dataDummyKependudukan.csv'
2024-02-26 01:01:31.378 INFO  <js1-studycase - CSV file input> [/home/zharsuke/Documents/college-stuff/Semester_4/bussindes-intelligence/meet-2/js1-studycase.ktr]  Finished processing (I=21, O=0, R=0, W=20, U=0, E=0)
2024-02-26 01:01:31.380 INFO  <js1-studycase - Filter rows doctor> [/home/zharsuke/Documents/college-stuff/Semester_4/bussindes-intelligence/meet-2/js1-studycase.ktr]  Finished processing (I=0, O=0, R=5, W=0, U=0, E=0)
2024-02-26 01:01:31.380 INFO  <js1-studycase - Filter rows civil servant> [/home/zharsuke/Documents/college-stuff/Semester_4/bussindes-intelligence/meet-2/js1-studycase.ktr]  Finished processing (I=0, O=0, R=5, W=0, U=0, E=0)
2024-02-26 01:01:31.380 INFO  <js1-studycase - Filter rows student> [/home/zharsuke/Documents/college-stuff/Semester_4/bussindes-intelligence/meet-2/js1-studycase.ktr]  Finished processing (I=0, O=0, R=5, W=1, U=0, E=0)
2024-02-26 01:01:31.381 INFO  <js1-studycase - Filter rows other> [/home/zharsuke/Documents/college-stuff/Semester_4/bussindes-intelligence/meet-2/js1-studycase.ktr]  Finished processing (I=0, O=0, R=5, W=3, U=0, E=0)
2024-02-26 01:01:31.382 INFO  <js1-studycase - other> [/home/zharsuke/Documents/college-stuff/Semester_4/bussindes-intelligence/meet-2/js1-studycase.ktr]  Finished processing (I=0, O=4, R=3, W=3, U=0, E=0)
2024-02-26 01:01:31.383 INFO  <js1-studycase - student> [/home/zharsuke/Documents/college-stuff/Semester_4/bussindes-intelligence/meet-2/js1-studycase.ktr]  Finished processing (I=0, O=2, R=1, W=1, U=0, E=0)
2024-02-26 01:02:57.747 INFO  <Thread-172> [/home/zharsuke/Documents/college-stuff/Semester_4/bussindes-intelligence/meet-2/js1-studycase.ktr]  Dispatching started for transformation [js1-studycase]
2024-02-26 01:02:57.756 INFO  <js1-studycase - CSV file input> [/home/zharsuke/Documents/college-stuff/Semester_4/bussindes-intelligence/meet-2/js1-studycase.ktr]  Header row skipped in file 'file:///home/zharsuke/Documents/college-stuff/Semester_4/bussindes-intelligence/meet-2/dataDummyKependudukan.csv'
2024-02-26 01:02:57.757 INFO  <js1-studycase - CSV file input> [/home/zharsuke/Documents/college-stuff/Semester_4/bussindes-intelligence/meet-2/js1-studycase.ktr]  Finished processing (I=21, O=0, R=0, W=20, U=0, E=0)
2024-02-26 01:02:57.760 INFO  <js1-studycase - Filter rows student> [/home/zharsuke/Documents/college-stuff/Semester_4/bussindes-intelligence/meet-2/js1-studycase.ktr]  Finished processing (I=0, O=0, R=5, W=1, U=0, E=0)
2024-02-26 01:02:57.760 INFO  <js1-studycase - Filter rows doctor> [/home/zharsuke/Documents/college-stuff/Semester_4/bussindes-intelligence/meet-2/js1-studycase.ktr]  Finished processing (I=0, O=0, R=5, W=0, U=0, E=0)
2024-02-26 01:02:57.760 INFO  <js1-studycase - Filter rows other> [/home/zharsuke/Documents/college-stuff/Semester_4/bussindes-intelligence/meet-2/js1-studycase.ktr]  Finished processing (I=0, O=0, R=5, W=3, U=0, E=0)
2024-02-26 01:02:57.760 INFO  <js1-studycase - Filter rows civil servant> [/home/zharsuke/Documents/college-stuff/Semester_4/bussindes-intelligence/meet-2/js1-studycase.ktr]  Finished processing (I=0, O=0, R=5, W=0, U=0, E=0)
2024-02-26 01:02:57.761 INFO  <js1-studycase - student> [/home/zharsuke/Documents/college-stuff/Semester_4/bussindes-intelligence/meet-2/js1-studycase.ktr]  Finished processing (I=0, O=2, R=1, W=1, U=0, E=0)
2024-02-26 01:02:57.762 INFO  <js1-studycase - other> [/home/zharsuke/Documents/college-stuff/Semester_4/bussindes-intelligence/meet-2/js1-studycase.ktr]  Finished processing (I=0, O=4, R=3, W=3, U=0, E=0)
2024-02-26 01:04:53.143 INFO  <Thread-199> [/home/zharsuke/Documents/college-stuff/Semester_4/bussindes-intelligence/meet-2/js1-studycase.ktr]  Dispatching started for transformation [js1-studycase]
2024-02-26 01:04:53.150 INFO  <js1-studycase - CSV file input> [/home/zharsuke/Documents/college-stuff/Semester_4/bussindes-intelligence/meet-2/js1-studycase.ktr]  Header row skipped in file 'file:///home/zharsuke/Documents/college-stuff/Semester_4/bussindes-intelligence/meet-2/dataDummyKependudukan.csv'
2024-02-26 01:04:53.151 INFO  <js1-studycase - CSV file input> [/home/zharsuke/Documents/college-stuff/Semester_4/bussindes-intelligence/meet-2/js1-studycase.ktr]  Finished processing (I=21, O=0, R=0, W=80, U=0, E=0)
2024-02-26 01:04:53.155 INFO  <js1-studycase - Filter rows doctor> [/home/zharsuke/Documents/college-stuff/Semester_4/bussindes-intelligence/meet-2/js1-studycase.ktr]  Finished processing (I=0, O=0, R=20, W=2, U=0, E=0)
2024-02-26 01:04:53.155 INFO  <js1-studycase - Filter rows civil servant> [/home/zharsuke/Documents/college-stuff/Semester_4/bussindes-intelligence/meet-2/js1-studycase.ktr]  Finished processing (I=0, O=0, R=20, W=2, U=0, E=0)
2024-02-26 01:04:53.156 INFO  <js1-studycase - Filter rows other> [/home/zharsuke/Documents/college-stuff/Semester_4/bussindes-intelligence/meet-2/js1-studycase.ktr]  Finished processing (I=0, O=0, R=20, W=13, U=0, E=0)
2024-02-26 01:04:53.155 INFO  <js1-studycase - Filter rows student> [/home/zharsuke/Documents/college-stuff/Semester_4/bussindes-intelligence/meet-2/js1-studycase.ktr]  Finished processing (I=0, O=0, R=20, W=3, U=0, E=0)
2024-02-26 01:04:53.157 INFO  <js1-studycase - doctor> [/home/zharsuke/Documents/college-stuff/Semester_4/bussindes-intelligence/meet-2/js1-studycase.ktr]  Finished processing (I=0, O=3, R=2, W=2, U=0, E=0)
2024-02-26 01:04:53.158 INFO  <js1-studycase - student> [/home/zharsuke/Documents/college-stuff/Semester_4/bussindes-intelligence/meet-2/js1-studycase.ktr]  Finished processing (I=0, O=4, R=3, W=3, U=0, E=0)
2024-02-26 01:04:53.158 INFO  <js1-studycase - civil servant> [/home/zharsuke/Documents/college-stuff/Semester_4/bussindes-intelligence/meet-2/js1-studycase.ktr]  Finished processing (I=0, O=3, R=2, W=2, U=0, E=0)
2024-02-26 01:04:53.161 INFO  <js1-studycase - other> [/home/zharsuke/Documents/college-stuff/Semester_4/bussindes-intelligence/meet-2/js1-studycase.ktr]  Finished processing (I=0, O=14, R=13, W=13, U=0, E=0)
