2024-04-01 13:09:16.418 INFO  <Thread-26> [/home/zharsuke/Documents/college-stuff/Semester_4/bussindes-intelligence/meet-4-/timeDimenseion.ktr]  Dispatching started for transformation [timeDimenseion]
2024-04-01 13:09:16.443 INFO  <init of Table output.0 (Thread-32)> [/home/zharsuke/Documents/college-stuff/Semester_4/bussindes-intelligence/meet-4-/timeDimenseion.ktr]  Connected to database [conn_dw_destination] (commit=1000)
2024-04-01 13:11:52.326 INFO  <Thread-42> [/home/zharsuke/Documents/college-stuff/Semester_4/bussindes-intelligence/meet-4-/timeDimenseion.ktr]  Dispatching started for transformation [timeDimenseion]
2024-04-01 13:11:52.339 INFO  <init of Table output.0 (Thread-48)> [/home/zharsuke/Documents/college-stuff/Semester_4/bussindes-intelligence/meet-4-/timeDimenseion.ktr]  Connected to database [conn_dw_destination] (commit=1000)
2024-04-01 13:14:25.580 INFO  <Thread-60> [/home/zharsuke/Documents/college-stuff/Semester_4/bussindes-intelligence/meet-4-/timeDimenseion.ktr]  Dispatching started for transformation [timeDimenseion]
2024-04-01 13:14:25.588 INFO  <init of Table output.0 (Thread-67)> [/home/zharsuke/Documents/college-stuff/Semester_4/bussindes-intelligence/meet-4-/timeDimenseion.ktr]  Connected to database [conn_dw_destination] (commit=1000)
2024-04-01 13:14:25.609 ERROR <timeDimenseion - Database lookup> [/home/zharsuke/Documents/college-stuff/Semester_4/bussindes-intelligence/meet-4-/timeDimenseion.ktr]  Unexpected error
2024-04-01 13:14:25.610 ERROR <timeDimenseion - Database lookup> [/home/zharsuke/Documents/college-stuff/Semester_4/bussindes-intelligence/meet-4-/timeDimenseion.ktr]  org.pentaho.di.core.exception.KettleStepException: 
Field [streamDate] is required and couldn't be found!

	at org.pentaho.di.trans.steps.databaselookup.DatabaseLookup.processRow(DatabaseLookup.java:398)
	at org.pentaho.di.trans.step.RunThread.run(RunThread.java:62)
	at java.base/java.lang.Thread.run(Thread.java:1570)

2024-04-01 13:14:25.611 INFO  <timeDimenseion - Generate rows> [/home/zharsuke/Documents/college-stuff/Semester_4/bussindes-intelligence/meet-4-/timeDimenseion.ktr]  Finished processing (I=0, O=0, R=0, W=1078, U=0, E=0)
2024-04-01 13:14:25.611 INFO  <timeDimenseion - Select values> [/home/zharsuke/Documents/college-stuff/Semester_4/bussindes-intelligence/meet-4-/timeDimenseion.ktr]  Finished processing (I=0, O=0, R=14, W=13, U=0, E=0)
2024-04-01 13:14:25.612 INFO  <timeDimenseion - Calculator> [/home/zharsuke/Documents/college-stuff/Semester_4/bussindes-intelligence/meet-4-/timeDimenseion.ktr]  Finished processing (I=0, O=0, R=40, W=39, U=0, E=0)
2024-04-01 13:14:25.612 INFO  <timeDimenseion - Add sequence> [/home/zharsuke/Documents/college-stuff/Semester_4/bussindes-intelligence/meet-4-/timeDimenseion.ktr]  Finished processing (I=0, O=0, R=419, W=419, U=0, E=0)
2024-04-01 13:14:25.612 INFO  <timeDimenseion - Database lookup> [/home/zharsuke/Documents/college-stuff/Semester_4/bussindes-intelligence/meet-4-/timeDimenseion.ktr]  Finished processing (I=0, O=0, R=1, W=0, U=0, E=1)
2024-04-01 13:14:25.613 ERROR <timeDimenseion - Database lookup> [/home/zharsuke/Documents/college-stuff/Semester_4/bussindes-intelligence/meet-4-/timeDimenseion.ktr]  Errors detected!
2024-04-01 13:14:25.614 ERROR <timeDimenseion - Database lookup> [/home/zharsuke/Documents/college-stuff/Semester_4/bussindes-intelligence/meet-4-/timeDimenseion.ktr]  Errors detected!
2024-04-01 13:14:25.615 ERROR <timeDimenseion - Database lookup> [/home/zharsuke/Documents/college-stuff/Semester_4/bussindes-intelligence/meet-4-/timeDimenseion.ktr]  Errors detected!
2024-04-01 13:14:25.623 WARN  <timeDimenseion - Database lookup> [/home/zharsuke/Documents/college-stuff/Semester_4/bussindes-intelligence/meet-4-/timeDimenseion.ktr]  Transformation detected one or more steps with errors.
2024-04-01 13:14:25.623 WARN  <timeDimenseion - Database lookup> [/home/zharsuke/Documents/college-stuff/Semester_4/bussindes-intelligence/meet-4-/timeDimenseion.ktr]  Transformation is killing the other steps!
2024-04-01 13:18:27.326 INFO  <Thread-81> [/home/zharsuke/Documents/college-stuff/Semester_4/bussindes-intelligence/meet-4-/timeDimenseion.ktr]  Dispatching started for transformation [timeDimenseion]
2024-04-01 13:18:27.333 INFO  <init of Table output.0 (Thread-88)> [/home/zharsuke/Documents/college-stuff/Semester_4/bussindes-intelligence/meet-4-/timeDimenseion.ktr]  Connected to database [conn_dw_destination] (commit=1000)
2024-04-01 13:18:27.351 ERROR <timeDimenseion - Database lookup> [/home/zharsuke/Documents/college-stuff/Semester_4/bussindes-intelligence/meet-4-/timeDimenseion.ktr]  Unexpected error
2024-04-01 13:18:27.351 ERROR <timeDimenseion - Database lookup> [/home/zharsuke/Documents/college-stuff/Semester_4/bussindes-intelligence/meet-4-/timeDimenseion.ktr]  org.pentaho.di.core.exception.KettleStepException: 
Field [streamDate] is required and couldn't be found!

	at org.pentaho.di.trans.steps.databaselookup.DatabaseLookup.processRow(DatabaseLookup.java:398)
	at org.pentaho.di.trans.step.RunThread.run(RunThread.java:62)
	at java.base/java.lang.Thread.run(Thread.java:1570)

2024-04-01 13:18:27.352 INFO  <timeDimenseion - Generate rows> [/home/zharsuke/Documents/college-stuff/Semester_4/bussindes-intelligence/meet-4-/timeDimenseion.ktr]  Finished processing (I=0, O=0, R=0, W=634, U=0, E=0)
2024-04-01 13:18:27.352 INFO  <timeDimenseion - Select values> [/home/zharsuke/Documents/college-stuff/Semester_4/bussindes-intelligence/meet-4-/timeDimenseion.ktr]  Finished processing (I=0, O=0, R=7, W=7, U=0, E=0)
2024-04-01 13:18:27.352 INFO  <timeDimenseion - Calculator> [/home/zharsuke/Documents/college-stuff/Semester_4/bussindes-intelligence/meet-4-/timeDimenseion.ktr]  Finished processing (I=0, O=0, R=13, W=12, U=0, E=0)
2024-04-01 13:18:27.352 INFO  <timeDimenseion - Add sequence> [/home/zharsuke/Documents/college-stuff/Semester_4/bussindes-intelligence/meet-4-/timeDimenseion.ktr]  Finished processing (I=0, O=0, R=115, W=115, U=0, E=0)
2024-04-01 13:18:27.353 INFO  <timeDimenseion - Database lookup> [/home/zharsuke/Documents/college-stuff/Semester_4/bussindes-intelligence/meet-4-/timeDimenseion.ktr]  Finished processing (I=0, O=0, R=1, W=0, U=0, E=1)
2024-04-01 13:18:27.354 WARN  <timeDimenseion - Database lookup> [/home/zharsuke/Documents/college-stuff/Semester_4/bussindes-intelligence/meet-4-/timeDimenseion.ktr]  Transformation detected one or more steps with errors.
2024-04-01 13:18:27.354 WARN  <timeDimenseion - Database lookup> [/home/zharsuke/Documents/college-stuff/Semester_4/bussindes-intelligence/meet-4-/timeDimenseion.ktr]  Transformation is killing the other steps!
2024-04-01 13:18:27.498 ERROR <timeDimenseion - Table output> [/home/zharsuke/Documents/college-stuff/Semester_4/bussindes-intelligence/meet-4-/timeDimenseion.ktr]  Errors detected!
2024-04-01 13:18:27.499 ERROR <timeDimenseion - Table output> [/home/zharsuke/Documents/college-stuff/Semester_4/bussindes-intelligence/meet-4-/timeDimenseion.ktr]  Errors detected!
2024-04-01 13:18:27.505 ERROR <timeDimenseion - Table output> [/home/zharsuke/Documents/college-stuff/Semester_4/bussindes-intelligence/meet-4-/timeDimenseion.ktr]  Errors detected!
2024-04-01 13:21:52.075 INFO  <Thread-107> [/home/zharsuke/Documents/college-stuff/Semester_4/bussindes-intelligence/meet-4-/timeDimenseion.ktr]  Dispatching started for transformation [timeDimenseion]
2024-04-01 13:21:52.080 INFO  <init of Table output.0 (Thread-114)> [/home/zharsuke/Documents/college-stuff/Semester_4/bussindes-intelligence/meet-4-/timeDimenseion.ktr]  Connected to database [conn_dw_destination] (commit=1000)
2024-04-01 13:21:52.092 ERROR <timeDimenseion - Database lookup> [/home/zharsuke/Documents/college-stuff/Semester_4/bussindes-intelligence/meet-4-/timeDimenseion.ktr]  Unexpected error
2024-04-01 13:21:52.092 ERROR <timeDimenseion - Database lookup> [/home/zharsuke/Documents/college-stuff/Semester_4/bussindes-intelligence/meet-4-/timeDimenseion.ktr]  org.pentaho.di.core.exception.KettleStepException: 
Field [streamDate] is required and couldn't be found!

	at org.pentaho.di.trans.steps.databaselookup.DatabaseLookup.processRow(DatabaseLookup.java:398)
	at org.pentaho.di.trans.step.RunThread.run(RunThread.java:62)
	at java.base/java.lang.Thread.run(Thread.java:1570)

2024-04-01 13:21:52.093 INFO  <timeDimenseion - Generate rows> [/home/zharsuke/Documents/college-stuff/Semester_4/bussindes-intelligence/meet-4-/timeDimenseion.ktr]  Finished processing (I=0, O=0, R=0, W=789, U=0, E=0)
2024-04-01 13:21:52.093 INFO  <timeDimenseion - Add sequence> [/home/zharsuke/Documents/college-stuff/Semester_4/bussindes-intelligence/meet-4-/timeDimenseion.ktr]  Finished processing (I=0, O=0, R=235, W=234, U=0, E=0)
2024-04-01 13:21:52.093 INFO  <timeDimenseion - Select values> [/home/zharsuke/Documents/college-stuff/Semester_4/bussindes-intelligence/meet-4-/timeDimenseion.ktr]  Finished processing (I=0, O=0, R=8, W=8, U=0, E=0)
2024-04-01 13:21:52.093 INFO  <timeDimenseion - Calculator> [/home/zharsuke/Documents/college-stuff/Semester_4/bussindes-intelligence/meet-4-/timeDimenseion.ktr]  Finished processing (I=0, O=0, R=31, W=30, U=0, E=0)
2024-04-01 13:21:52.094 INFO  <timeDimenseion - Database lookup> [/home/zharsuke/Documents/college-stuff/Semester_4/bussindes-intelligence/meet-4-/timeDimenseion.ktr]  Finished processing (I=0, O=0, R=1, W=0, U=0, E=1)
2024-04-01 13:21:52.094 WARN  <timeDimenseion - Database lookup> [/home/zharsuke/Documents/college-stuff/Semester_4/bussindes-intelligence/meet-4-/timeDimenseion.ktr]  Transformation detected one or more steps with errors.
2024-04-01 13:21:52.094 WARN  <timeDimenseion - Database lookup> [/home/zharsuke/Documents/college-stuff/Semester_4/bussindes-intelligence/meet-4-/timeDimenseion.ktr]  Transformation is killing the other steps!
2024-04-01 13:21:52.238 ERROR <timeDimenseion - Filter rows> [/home/zharsuke/Documents/college-stuff/Semester_4/bussindes-intelligence/meet-4-/timeDimenseion.ktr]  Errors detected!
2024-04-01 13:21:52.239 ERROR <timeDimenseion - Filter rows> [/home/zharsuke/Documents/college-stuff/Semester_4/bussindes-intelligence/meet-4-/timeDimenseion.ktr]  Errors detected!
2024-04-01 13:21:52.240 ERROR <timeDimenseion - Filter rows> [/home/zharsuke/Documents/college-stuff/Semester_4/bussindes-intelligence/meet-4-/timeDimenseion.ktr]  Errors detected!
2024-04-01 13:26:59.938 INFO  <Thread-128> [/home/zharsuke/Documents/college-stuff/Semester_4/bussindes-intelligence/meet-4-/timeDimenseion.ktr]  Dispatching started for transformation [timeDimenseion]
2024-04-01 13:26:59.945 INFO  <init of Table output.0 (Thread-135)> [/home/zharsuke/Documents/college-stuff/Semester_4/bussindes-intelligence/meet-4-/timeDimenseion.ktr]  Connected to database [conn_dw_destination] (commit=1000)
2024-04-01 13:26:59.957 ERROR <timeDimenseion - Database lookup> [/home/zharsuke/Documents/college-stuff/Semester_4/bussindes-intelligence/meet-4-/timeDimenseion.ktr]  Unexpected error
2024-04-01 13:26:59.957 ERROR <timeDimenseion - Database lookup> [/home/zharsuke/Documents/college-stuff/Semester_4/bussindes-intelligence/meet-4-/timeDimenseion.ktr]  org.pentaho.di.core.exception.KettleStepException: 
Field [streamDate] is required and couldn't be found!

	at org.pentaho.di.trans.steps.databaselookup.DatabaseLookup.processRow(DatabaseLookup.java:398)
	at org.pentaho.di.trans.step.RunThread.run(RunThread.java:62)
	at java.base/java.lang.Thread.run(Thread.java:1570)

2024-04-01 13:26:59.957 INFO  <timeDimenseion - Generate rows> [/home/zharsuke/Documents/college-stuff/Semester_4/bussindes-intelligence/meet-4-/timeDimenseion.ktr]  Finished processing (I=0, O=0, R=0, W=741, U=0, E=0)
2024-04-01 13:26:59.957 INFO  <timeDimenseion - Calculator> [/home/zharsuke/Documents/college-stuff/Semester_4/bussindes-intelligence/meet-4-/timeDimenseion.ktr]  Finished processing (I=0, O=0, R=43, W=43, U=0, E=0)
2024-04-01 13:26:59.958 INFO  <timeDimenseion - Add sequence> [/home/zharsuke/Documents/college-stuff/Semester_4/bussindes-intelligence/meet-4-/timeDimenseion.ktr]  Finished processing (I=0, O=0, R=331, W=331, U=0, E=0)
2024-04-01 13:26:59.958 INFO  <timeDimenseion - Select values> [/home/zharsuke/Documents/college-stuff/Semester_4/bussindes-intelligence/meet-4-/timeDimenseion.ktr]  Finished processing (I=0, O=0, R=12, W=12, U=0, E=0)
2024-04-01 13:26:59.958 INFO  <timeDimenseion - Database lookup> [/home/zharsuke/Documents/college-stuff/Semester_4/bussindes-intelligence/meet-4-/timeDimenseion.ktr]  Finished processing (I=0, O=0, R=1, W=0, U=0, E=1)
2024-04-01 13:26:59.958 WARN  <timeDimenseion - Database lookup> [/home/zharsuke/Documents/college-stuff/Semester_4/bussindes-intelligence/meet-4-/timeDimenseion.ktr]  Transformation detected one or more steps with errors.
2024-04-01 13:26:59.958 WARN  <timeDimenseion - Database lookup> [/home/zharsuke/Documents/college-stuff/Semester_4/bussindes-intelligence/meet-4-/timeDimenseion.ktr]  Transformation is killing the other steps!
2024-04-01 13:27:00.101 ERROR <timeDimenseion - Table output> [/home/zharsuke/Documents/college-stuff/Semester_4/bussindes-intelligence/meet-4-/timeDimenseion.ktr]  Errors detected!
2024-04-01 13:27:00.101 ERROR <timeDimenseion - Table output> [/home/zharsuke/Documents/college-stuff/Semester_4/bussindes-intelligence/meet-4-/timeDimenseion.ktr]  Errors detected!
2024-04-01 13:27:00.102 ERROR <timeDimenseion - Table output> [/home/zharsuke/Documents/college-stuff/Semester_4/bussindes-intelligence/meet-4-/timeDimenseion.ktr]  Errors detected!
2024-04-01 13:29:55.633 INFO  <Thread-145> [/home/zharsuke/Documents/college-stuff/Semester_4/bussindes-intelligence/meet-4-/timeDimenseion.ktr]  Dispatching started for transformation [timeDimenseion]
2024-04-01 13:29:55.641 INFO  <init of Table output.0 (Thread-152)> [/home/zharsuke/Documents/college-stuff/Semester_4/bussindes-intelligence/meet-4-/timeDimenseion.ktr]  Connected to database [conn_dw_destination] (commit=1000)
2024-04-01 13:29:55.656 ERROR <timeDimenseion - Database lookup> [/home/zharsuke/Documents/college-stuff/Semester_4/bussindes-intelligence/meet-4-/timeDimenseion.ktr]  Unexpected error
2024-04-01 13:29:55.657 ERROR <timeDimenseion - Database lookup> [/home/zharsuke/Documents/college-stuff/Semester_4/bussindes-intelligence/meet-4-/timeDimenseion.ktr]  org.pentaho.di.core.exception.KettleStepException: 
Field [streamDate] is required and couldn't be found!

	at org.pentaho.di.trans.steps.databaselookup.DatabaseLookup.processRow(DatabaseLookup.java:398)
	at org.pentaho.di.trans.step.RunThread.run(RunThread.java:62)
	at java.base/java.lang.Thread.run(Thread.java:1570)

2024-04-01 13:29:55.657 INFO  <timeDimenseion - Calculator> [/home/zharsuke/Documents/college-stuff/Semester_4/bussindes-intelligence/meet-4-/timeDimenseion.ktr]  Finished processing (I=0, O=0, R=46, W=46, U=0, E=0)
2024-04-01 13:29:55.657 INFO  <timeDimenseion - Add sequence> [/home/zharsuke/Documents/college-stuff/Semester_4/bussindes-intelligence/meet-4-/timeDimenseion.ktr]  Finished processing (I=0, O=0, R=292, W=291, U=0, E=0)
2024-04-01 13:29:55.657 INFO  <timeDimenseion - Select values> [/home/zharsuke/Documents/college-stuff/Semester_4/bussindes-intelligence/meet-4-/timeDimenseion.ktr]  Finished processing (I=0, O=0, R=7, W=7, U=0, E=0)
2024-04-01 13:29:55.658 INFO  <timeDimenseion - Database lookup> [/home/zharsuke/Documents/college-stuff/Semester_4/bussindes-intelligence/meet-4-/timeDimenseion.ktr]  Finished processing (I=0, O=0, R=1, W=0, U=0, E=1)
2024-04-01 13:29:55.658 INFO  <timeDimenseion - Generate rows> [/home/zharsuke/Documents/college-stuff/Semester_4/bussindes-intelligence/meet-4-/timeDimenseion.ktr]  Finished processing (I=0, O=0, R=0, W=614, U=0, E=0)
2024-04-01 13:29:55.659 WARN  <timeDimenseion - Database lookup> [/home/zharsuke/Documents/college-stuff/Semester_4/bussindes-intelligence/meet-4-/timeDimenseion.ktr]  Transformation detected one or more steps with errors.
2024-04-01 13:29:55.659 WARN  <timeDimenseion - Database lookup> [/home/zharsuke/Documents/college-stuff/Semester_4/bussindes-intelligence/meet-4-/timeDimenseion.ktr]  Transformation is killing the other steps!
2024-04-01 13:29:55.803 ERROR <timeDimenseion - Table output> [/home/zharsuke/Documents/college-stuff/Semester_4/bussindes-intelligence/meet-4-/timeDimenseion.ktr]  Errors detected!
2024-04-01 13:29:55.803 ERROR <timeDimenseion - Table output> [/home/zharsuke/Documents/college-stuff/Semester_4/bussindes-intelligence/meet-4-/timeDimenseion.ktr]  Errors detected!
2024-04-01 13:29:55.805 ERROR <timeDimenseion - Table output> [/home/zharsuke/Documents/college-stuff/Semester_4/bussindes-intelligence/meet-4-/timeDimenseion.ktr]  Errors detected!
2024-04-01 13:35:21.106 INFO  <Thread-168> [/home/zharsuke/Documents/college-stuff/Semester_4/bussindes-intelligence/meet-4-/timeDimenseion.ktr]  Dispatching started for transformation [timeDimenseion]
2024-04-01 13:35:21.113 INFO  <init of Table output.0 (Thread-175)> [/home/zharsuke/Documents/college-stuff/Semester_4/bussindes-intelligence/meet-4-/timeDimenseion.ktr]  Connected to database [conn_dw_destination] (commit=1000)
2024-04-01 13:35:21.124 ERROR <timeDimenseion - Database lookup> [/home/zharsuke/Documents/college-stuff/Semester_4/bussindes-intelligence/meet-4-/timeDimenseion.ktr]  Unexpected error
2024-04-01 13:35:21.125 ERROR <timeDimenseion - Database lookup> [/home/zharsuke/Documents/college-stuff/Semester_4/bussindes-intelligence/meet-4-/timeDimenseion.ktr]  org.pentaho.di.core.exception.KettleStepException: 
Field [streamDate] is required and couldn't be found!

	at org.pentaho.di.trans.steps.databaselookup.DatabaseLookup.processRow(DatabaseLookup.java:398)
	at org.pentaho.di.trans.step.RunThread.run(RunThread.java:62)
	at java.base/java.lang.Thread.run(Thread.java:1570)

2024-04-01 13:35:21.125 INFO  <timeDimenseion - Generate rows> [/home/zharsuke/Documents/college-stuff/Semester_4/bussindes-intelligence/meet-4-/timeDimenseion.ktr]  Finished processing (I=0, O=0, R=0, W=1032, U=0, E=0)
2024-04-01 13:35:21.125 INFO  <timeDimenseion - Add sequence> [/home/zharsuke/Documents/college-stuff/Semester_4/bussindes-intelligence/meet-4-/timeDimenseion.ktr]  Finished processing (I=0, O=0, R=522, W=522, U=0, E=0)
2024-04-01 13:35:21.125 INFO  <timeDimenseion - Calculator> [/home/zharsuke/Documents/college-stuff/Semester_4/bussindes-intelligence/meet-4-/timeDimenseion.ktr]  Finished processing (I=0, O=0, R=12, W=11, U=0, E=0)
2024-04-01 13:35:21.125 INFO  <timeDimenseion - Select values> [/home/zharsuke/Documents/college-stuff/Semester_4/bussindes-intelligence/meet-4-/timeDimenseion.ktr]  Finished processing (I=0, O=0, R=8, W=7, U=0, E=0)
2024-04-01 13:35:21.126 INFO  <timeDimenseion - Database lookup> [/home/zharsuke/Documents/college-stuff/Semester_4/bussindes-intelligence/meet-4-/timeDimenseion.ktr]  Finished processing (I=0, O=0, R=1, W=0, U=0, E=1)
2024-04-01 13:35:21.126 WARN  <timeDimenseion - Database lookup> [/home/zharsuke/Documents/college-stuff/Semester_4/bussindes-intelligence/meet-4-/timeDimenseion.ktr]  Transformation detected one or more steps with errors.
2024-04-01 13:35:21.126 WARN  <timeDimenseion - Database lookup> [/home/zharsuke/Documents/college-stuff/Semester_4/bussindes-intelligence/meet-4-/timeDimenseion.ktr]  Transformation is killing the other steps!
2024-04-01 13:35:21.269 ERROR <timeDimenseion - Table output> [/home/zharsuke/Documents/college-stuff/Semester_4/bussindes-intelligence/meet-4-/timeDimenseion.ktr]  Errors detected!
2024-04-01 13:35:21.270 ERROR <timeDimenseion - Table output> [/home/zharsuke/Documents/college-stuff/Semester_4/bussindes-intelligence/meet-4-/timeDimenseion.ktr]  Errors detected!
2024-04-01 13:35:21.272 ERROR <timeDimenseion - Table output> [/home/zharsuke/Documents/college-stuff/Semester_4/bussindes-intelligence/meet-4-/timeDimenseion.ktr]  Errors detected!
2024-04-01 13:52:00.817 INFO  <ModalContext> [/home/zharsuke/Documents/college-stuff/Semester_4/bussindes-intelligence/meet-4-/timeDimenseion.ktr : timeDimenseion.ktr]  Dispatching started for transformation [/home/zharsuke/Documents/college-stuff/Semester_4/bussindes-intelligence/meet-4-/timeDimenseion.ktr : timeDimenseion]
2024-04-01 13:52:01.322 INFO  </home/zharsuke/Documents/college-stuff/Semester_4/bussindes-intelligence/meet-4-/timeDimenseion.ktr : timeDimenseion - Generate rows> [/home/zharsuke/Documents/college-stuff/Semester_4/bussindes-intelligence/meet-4-/timeDimenseion.ktr : timeDimenseion.ktr]  Finished processing (I=0, O=0, R=0, W=1001, U=0, E=0)
2024-04-01 13:52:01.322 INFO  </home/zharsuke/Documents/college-stuff/Semester_4/bussindes-intelligence/meet-4-/timeDimenseion.ktr : timeDimenseion - dummy> [/home/zharsuke/Documents/college-stuff/Semester_4/bussindes-intelligence/meet-4-/timeDimenseion.ktr : timeDimenseion.ktr]  Finished processing (I=0, O=0, R=889, W=888, U=0, E=0)
2024-04-01 13:53:09.772 INFO  <Thread-196> [/home/zharsuke/Documents/college-stuff/Semester_4/bussindes-intelligence/meet-4-/timeDimenseion.ktr]  Dispatching started for transformation [timeDimenseion]
2024-04-01 13:53:09.778 INFO  <init of Table output.0 (Thread-203)> [/home/zharsuke/Documents/college-stuff/Semester_4/bussindes-intelligence/meet-4-/timeDimenseion.ktr]  Connected to database [conn_dw_destination] (commit=1000)
2024-04-01 13:53:09.786 INFO  <timeDimenseion - Generate rows> [/home/zharsuke/Documents/college-stuff/Semester_4/bussindes-intelligence/meet-4-/timeDimenseion.ktr]  Finished processing (I=0, O=0, R=0, W=1825, U=0, E=0)
2024-04-01 13:53:09.788 ERROR <timeDimenseion - Database lookup> [/home/zharsuke/Documents/college-stuff/Semester_4/bussindes-intelligence/meet-4-/timeDimenseion.ktr]  Unexpected error
2024-04-01 13:53:09.789 ERROR <timeDimenseion - Database lookup> [/home/zharsuke/Documents/college-stuff/Semester_4/bussindes-intelligence/meet-4-/timeDimenseion.ktr]  org.pentaho.di.core.exception.KettleStepException: 
Field [streamDate] is required and couldn't be found!

	at org.pentaho.di.trans.steps.databaselookup.DatabaseLookup.processRow(DatabaseLookup.java:398)
	at org.pentaho.di.trans.step.RunThread.run(RunThread.java:62)
	at java.base/java.lang.Thread.run(Thread.java:1570)

2024-04-01 13:53:09.790 INFO  <timeDimenseion - Select values> [/home/zharsuke/Documents/college-stuff/Semester_4/bussindes-intelligence/meet-4-/timeDimenseion.ktr]  Finished processing (I=0, O=0, R=47, W=46, U=0, E=0)
2024-04-01 13:53:09.790 INFO  <timeDimenseion - Calculator> [/home/zharsuke/Documents/college-stuff/Semester_4/bussindes-intelligence/meet-4-/timeDimenseion.ktr]  Finished processing (I=0, O=0, R=86, W=85, U=0, E=0)
2024-04-01 13:53:09.790 INFO  <timeDimenseion - Add sequence> [/home/zharsuke/Documents/college-stuff/Semester_4/bussindes-intelligence/meet-4-/timeDimenseion.ktr]  Finished processing (I=0, O=0, R=1825, W=1825, U=0, E=0)
2024-04-01 13:53:09.791 INFO  <timeDimenseion - Database lookup> [/home/zharsuke/Documents/college-stuff/Semester_4/bussindes-intelligence/meet-4-/timeDimenseion.ktr]  Finished processing (I=0, O=0, R=1, W=0, U=0, E=1)
2024-04-01 13:53:09.791 WARN  <timeDimenseion - Database lookup> [/home/zharsuke/Documents/college-stuff/Semester_4/bussindes-intelligence/meet-4-/timeDimenseion.ktr]  Transformation detected one or more steps with errors.
2024-04-01 13:53:09.791 WARN  <timeDimenseion - Database lookup> [/home/zharsuke/Documents/college-stuff/Semester_4/bussindes-intelligence/meet-4-/timeDimenseion.ktr]  Transformation is killing the other steps!
2024-04-01 13:53:09.934 ERROR <timeDimenseion - Table output> [/home/zharsuke/Documents/college-stuff/Semester_4/bussindes-intelligence/meet-4-/timeDimenseion.ktr]  Errors detected!
2024-04-01 13:53:09.935 ERROR <timeDimenseion - Table output> [/home/zharsuke/Documents/college-stuff/Semester_4/bussindes-intelligence/meet-4-/timeDimenseion.ktr]  Errors detected!
2024-04-01 13:53:09.936 ERROR <timeDimenseion - Table output> [/home/zharsuke/Documents/college-stuff/Semester_4/bussindes-intelligence/meet-4-/timeDimenseion.ktr]  Errors detected!
2024-04-01 14:24:26.590 INFO  <Thread-220> [/home/zharsuke/Documents/college-stuff/Semester_4/bussindes-intelligence/meet-4-/timeDimenseion.ktr]  Dispatching started for transformation [timeDimenseion]
2024-04-01 14:24:26.596 INFO  <init of Table output.0 (Thread-227)> [/home/zharsuke/Documents/college-stuff/Semester_4/bussindes-intelligence/meet-4-/timeDimenseion.ktr]  Connected to database [conn_dw_destination] (commit=1000)
2024-04-01 14:24:26.606 INFO  <timeDimenseion - Generate rows> [/home/zharsuke/Documents/college-stuff/Semester_4/bussindes-intelligence/meet-4-/timeDimenseion.ktr]  Finished processing (I=0, O=0, R=0, W=1825, U=0, E=0)
2024-04-01 14:24:26.609 INFO  <timeDimenseion - Add sequence> [/home/zharsuke/Documents/college-stuff/Semester_4/bussindes-intelligence/meet-4-/timeDimenseion.ktr]  Finished processing (I=0, O=0, R=1825, W=1825, U=0, E=0)
2024-04-01 14:24:26.666 INFO  <timeDimenseion - Calculator> [/home/zharsuke/Documents/college-stuff/Semester_4/bussindes-intelligence/meet-4-/timeDimenseion.ktr]  Finished processing (I=0, O=0, R=1825, W=1825, U=0, E=0)
2024-04-01 14:24:26.668 INFO  <timeDimenseion - Select values> [/home/zharsuke/Documents/college-stuff/Semester_4/bussindes-intelligence/meet-4-/timeDimenseion.ktr]  Finished processing (I=0, O=0, R=1825, W=1825, U=0, E=0)
2024-04-01 14:24:27.121 INFO  <timeDimenseion - Database lookup> [/home/zharsuke/Documents/college-stuff/Semester_4/bussindes-intelligence/meet-4-/timeDimenseion.ktr]  Finished processing (I=0, O=0, R=1825, W=1825, U=0, E=0)
2024-04-01 14:24:27.123 INFO  <timeDimenseion - Filter rows> [/home/zharsuke/Documents/college-stuff/Semester_4/bussindes-intelligence/meet-4-/timeDimenseion.ktr]  Finished processing (I=0, O=0, R=1825, W=1825, U=0, E=0)
2024-04-01 14:24:27.193 INFO  <timeDimenseion - Table output> [/home/zharsuke/Documents/college-stuff/Semester_4/bussindes-intelligence/meet-4-/timeDimenseion.ktr]  Finished processing (I=0, O=1825, R=1825, W=1825, U=0, E=0)
